<?xml version="1.0" encoding="UTF-8"?>
<!-- Generated by org.testng.reporters.JUnitXMLReporter -->
<testsuite ignored="1" hostname="DESKTOP-EJEPVVN" failures="0" tests="1" name="Default test" time="45.027" errors="0" timestamp="2024-06-28T15:23:46 IST">
  <testcase classname="test.CartTest" name="VerifyIfUserIsAbleToProceedCheckout" time="33.689"/>
  <testcase classname="test.CartTest" name="VerifyAddProductFromOrderDetails" time="0.0">
    <ignored/>
  </testcase> <!-- VerifyAddProductFromOrderDetails -->
</testsuite> <!-- Default test -->
