<?xml version="1.0" encoding="UTF-8"?>
<!-- Generated by org.testng.reporters.JUnitXMLReporter -->
<testsuite ignored="0" hostname="DESKTOP-EJEPVVN" failures="0" tests="5" name="Default test" time="94.222" errors="0" timestamp="2024-06-27T20:09:30 IST">
  <testcase classname="test.ProductSearchTest" name="VerifyIfUserisAbletoClickOnlogin" time="0.218"/>
  <testcase classname="test.ProductSearchTest" name="VerifyIfUserisAbletoDisplayShoppingcatagories" time="0.508"/>
  <testcase classname="test.ProductSearchTest" name="VerifyIfUserisAbletoSearchProduct" time="2.636"/>
  <testcase classname="test.ProductSearchTest" name="VerifyIfUserisClickOnAddCart" time="0.375"/>
  <testcase classname="test.ProductSearchTest" name="VerifyIfUserisClickOnTrackOrder" time="2.076"/>
</testsuite> <!-- Default test -->
