<?xml version="1.0" encoding="UTF-8"?>
<testng-results ignored="0" total="1" passed="1" failed="0" skipped="0">
  <reporter-output>
  </reporter-output>
  <suite started-at="2024-06-28T15:23:01 IST" name="Default suite" finished-at="2024-06-28T15:23:46 IST" duration-ms="45027">
    <groups>
    </groups>
    <test started-at="2024-06-28T15:23:01 IST" name="Default test" finished-at="2024-06-28T15:23:46 IST" duration-ms="45027">
      <class name="test.CartTest">
        <test-method is-config="true" signature="openApplication()[pri:0, instance:test.CartTest@6771beb3]" started-at="2024-06-28T15:23:01 IST" name="openApplication" finished-at="2024-06-28T15:23:12 IST" duration-ms="10889" status="PASS">
          <reporter-output>
          </reporter-output>
        </test-method> <!-- openApplication -->
        <test-method signature="VerifyIfUserIsAbleToProceedCheckout()[pri:0, instance:test.CartTest@6771beb3]" started-at="2024-06-28T15:23:12 IST" name="VerifyIfUserIsAbleToProceedCheckout" finished-at="2024-06-28T15:23:46 IST" duration-ms="33689" status="PASS">
          <reporter-output>
          </reporter-output>
        </test-method> <!-- VerifyIfUserIsAbleToProceedCheckout -->
      </class> <!-- test.CartTest -->
    </test> <!-- Default test -->
  </suite> <!-- Default suite -->
</testng-results>
